<?xml version="1.0" encoding="UTF-8"?>
<testng-results skipped="0" failed="0" ignored="0" total="3" passed="3">
  <reporter-output>
  </reporter-output>
  <suite name="Suite" duration-ms="66" started-at="2022-03-23T19:45:12 IST" finished-at="2022-03-23T19:45:12 IST">
    <groups>
    </groups>
    <test name="Test" duration-ms="66" started-at="2022-03-23T19:45:12 IST" finished-at="2022-03-23T19:45:12 IST">
      <class name="qaclickacdemy.Test1">
        <test-method status="PASS" signature="a()[pri:0, instance:qaclickacdemy.Test1@3712b94]" name="a" duration-ms="9" started-at="2022-03-23T19:45:12 IST" finished-at="2022-03-23T19:45:12 IST">
          <reporter-output>
          </reporter-output>
        </test-method> <!-- a -->
      </class> <!-- qaclickacdemy.Test1 -->
      <class name="qaclickacdemy.Test2">
        <test-method status="PASS" signature="b()[pri:0, instance:qaclickacdemy.Test2@4493d195]" name="b" duration-ms="1" started-at="2022-03-23T19:45:12 IST" finished-at="2022-03-23T19:45:12 IST">
          <reporter-output>
          </reporter-output>
        </test-method> <!-- b -->
        <test-method status="PASS" signature="d()[pri:0, instance:qaclickacdemy.Test2@4493d195]" name="d" duration-ms="1" started-at="2022-03-23T19:45:12 IST" finished-at="2022-03-23T19:45:12 IST">
          <reporter-output>
          </reporter-output>
        </test-method> <!-- d -->
      </class> <!-- qaclickacdemy.Test2 -->
    </test> <!-- Test -->
  </suite> <!-- Suite -->
</testng-results>
